1
0
1
ASSEMBLY
1
C_CLAMP-1
C_CLAMP
1
C_CLAMP-1
14
-2147483646
0
48 1 16 5 0 1 0 -1 -1 405 1 -1879048189 1 405 
14
48 1 16 5 0 1 0 -1 -1 405 1 -1879048189 1 405 
0
1
C_CLAMP-1
14
-2147483646
0
48 1 16 5 0 1 0 -1 -1 320 1 -1879048189 1 320 
14
48 1 16 5 0 1 0 -1 -1 320 1 -1879048189 1 320 
0
3
_PICKEDSET4
0
2
0
1
C_CLAMP-1
4
197 198 199 200 
0
__PICKEDSURF5_S4
0
2
0
1
C_CLAMP-1
12
89 93 97 101 105 109 113 117 121 125 129 133 
0
__PICKEDSURF6_S2
0
2
0
1
C_CLAMP-1
12
204 208 212 216 220 224 228 232 236 240 244 248 
0
1
C_CLAMP-1
1
_PICKEDSET7
0
2
14
-2147483647
48 1 16 5 0 1 0 -1 -1 320 1 -1879048189 1 320 
0
0
0
1
_PICKEDSET4
0
2
0
1
C_CLAMP-1
5
15 16 118 119 120 
0
1
C_CLAMP-1
1
_PICKEDSET7
0
2
14
-2147483647
48 1 16 5 0 1 0 -1 -1 405 1 -1879048189 1 405 
0
0
0
0
2
_PICKEDSURF5
1
0
0
1
C_CLAMP-1
0
0
1
S4
12
89 93 97 101 105 109 113 117 121 125 129 133 
_PICKEDSURF6
1
0
0
1
C_CLAMP-1
0
0
1
S2
12
204 208 212 216 220 224 228 232 236 240 244 248 
