Analysis initiated from SIMULIA established products
Abaqus JOB Job-2
Abaqus Learning Edition 2025
Begin Analysis Input File Processor
2025-11-13 5:12:36 PM
Run pre.exe
2025-11-13 5:12:52 PM
End Analysis Input File Processor
Begin Abaqus/Standard Analysis
2025-11-13 5:12:52 PM
Run standard.exe
2025-11-13 5:13:05 PM
End Abaqus/Standard Analysis
Begin SIM Wrap-up
2025-11-13 5:13:05 PM
Run SMASimUtility.exe
2025-11-13 5:13:05 PM
End SIM Wrap-up
!!! EXCEPTION:
!!!   System Error RemoveDirectory: Access is denied.

!!! TRACEBACK:
!!!   SMASimUttFileUtils::RemoveDir
!!!   SMASimFileCleaner::Teardown
!!!   SMASimFileCleaner_Teardown
!!!   ffi_prep_go_closure
!!!   ffi_call_go
!!!   ffi_call
!!!   <stack frame not available>
!!!   <stack frame not available>
!!!   <stack frame not available>
!!!   PyObject_MakeTpCall
!!!   PyEval_EvalFrameDefault
!!!   PyEval_Vector
!!!   PyFunction_Vectorcall
!!!   PyCell_Set
!!!   PyCell_Set
!!!   PyEval_EvalFrameDefault
!!!   PyEval_Vector
!!!   PyFunction_Vectorcall
!!!   PyCell_Set
!!!   PyCell_Set
!!!   PyEval_EvalFrameDefault
!!!   PyEval_Vector
!!!   PyFunction_Vectorcall
!!!   PyCell_Set
!!!   PyCell_Set
!!!   PyEval_EvalFrameDefault
!!!   PyEval_Vector
!!!   PyEval_EvalCode
!!!   PyErr_Display
!!!   PyErr_Display
!!!   PyErr_Display
!!!   PyRun_SimpleFileObject
!!!   PyRun_AnyFileObject
!!!   Py_RunMain
!!!   Py_RunMain
!!!   Py_RunMain
!!!   Py_RunMain
!!!   Py_Main
!!!   <stack frame not available>
!!!   <stack frame not available>
!!!   <stack frame not available>
!!!   BaseThreadInitThunk
!!!   RtlUserThreadStart
!!! EXCEPTION:
!!!   System Error RemoveDirectory: Access is denied.

!!! TRACEBACK:
!!!   SMASimUttFileUtils::RemoveDir
!!!   SMASimInterface_initializeC
!!!   _CxxFrameHandler4
!!!   <stack frame not available>
!!!   RtlCaptureContext2
!!!   SMASimFileCleaner::Teardown
!!!   SMASimFileCleaner_Teardown
!!!   ffi_prep_go_closure
!!!   ffi_call_go
!!!   ffi_call
!!!   <stack frame not available>
!!!   <stack frame not available>
!!!   <stack frame not available>
!!!   PyObject_MakeTpCall
!!!   PyEval_EvalFrameDefault
!!!   PyEval_Vector
!!!   PyFunction_Vectorcall
!!!   PyCell_Set
!!!   PyCell_Set
!!!   PyEval_EvalFrameDefault
!!!   PyEval_Vector
!!!   PyFunction_Vectorcall
!!!   PyCell_Set
!!!   PyCell_Set
!!!   PyEval_EvalFrameDefault
!!!   PyEval_Vector
!!!   PyFunction_Vectorcall
!!!   PyCell_Set
!!!   PyCell_Set
!!!   PyEval_EvalFrameDefault
!!!   PyEval_Vector
!!!   PyEval_EvalCode
!!!   PyErr_Display
!!!   PyErr_Display
!!!   PyErr_Display
!!!   PyRun_SimpleFileObject
!!!   PyRun_AnyFileObject
!!!   Py_RunMain
!!!   Py_RunMain
!!!   Py_RunMain
!!!   Py_RunMain
!!!   Py_Main
!!!   <stack frame not available>
!!!   <stack frame not available>
!!!   <stack frame not available>
!!!   BaseThreadInitThunk
!!!   RtlUserThreadStart
!!! Error in SMASimFileCleaner::RemoveDir "System Error RemoveDirectory: Access is denied.
"
!!! Failure to delete directory: "C:\Users\sneha\OneDrive\Desktop\workshope_7\Job-2.simdir"
Abaqus JOB Job-2 COMPLETED
