1
0
1
ASSEMBLY
1
C_CLAMP-1
C_CLAMP
1
C_CLAMP-1
44
1 1
2 2
3 3
4 4
5 5
6 6
7 7
8 8
9 9
10 10
11 11
12 12
13 13
14 14
15 15
16 16
17 17
18 18
19 19
20 20
21 21
22 22
23 23
24 24
25 25
26 26
27 27
28 28
29 29
30 30
31 31
32 32
33 33
34 34
35 35
36 36
37 37
38 38
39 39
40 40
41 41
42 42
43 43
44 44
-2147483647
0
1
C_CLAMP-1
21
1 1
2 2
3 3
4 4
5 5
6 6
7 7
8 8
9 9
10 10
11 11
12 12
13 13
14 14
15 15
16 16
17 17
18 18
19 19
20 20
21 21
-2147483647
0
3
_PICKEDSET4
0
2
0
1
C_CLAMP-1
1
13 
0
__PICKEDSURF5_S4
0
2
0
1
C_CLAMP-1
3
7 8 9 
0
__PICKEDSURF6_S2
0
2
0
1
C_CLAMP-1
3
14 15 16 
0
1
C_CLAMP-1
1
_PICKEDSET7
0
2
21
1 2 3 4 5 6 7 8 9 10 11 12 13 14 15 16 17 18 19 20 21 
0
0
0
1
_PICKEDSET4
0
2
0
1
C_CLAMP-1
2
15 16 
0
1
C_CLAMP-1
1
_PICKEDSET7
0
2
44
1 2 3 4 5 6 7 8 9 10 11 12 13 14 15 16 17 18 19 20 21 22 23 24 25 26 27 28 29 30 31 32 33 34 35 36 37 38 39 40 41 42 43 44 
0
0
0
0
2
_PICKEDSURF5
1
0
0
1
C_CLAMP-1
0
0
1
S4
3
7 8 9 
_PICKEDSURF6
1
0
0
1
C_CLAMP-1
0
0
1
S2
3
14 15 16 
